# JRE version: OpenJDK Runtime Environment Microsoft-8035246 (17.0.8+7) (build 17.0.8+7-LTS)
# Java VM: OpenJDK 64-Bit Server VM Microsoft-8035246 (17.0.8+7-LTS, mixed mode, sharing, tiered, compressed oops, compressed class ptrs, g1 gc, windows-amd64)
GC Precious Log:
 CPUs: 6 total, 6 available
 Memory: 7541M
 Large Page Support: Disabled
 NUMA Support: Disabled
 Compressed Oops: Enabled (32-bit)
 Heap Region Size: 1M
 Heap Min Capacity: 64M
 Heap Initial Capacity: 64M
 Heap Max Capacity: 64M
 Pre-touch: Disabled
 Parallel Workers: 6
 Concurrent Workers: 2
 Concurrent Refinement Workers: 6
 Periodic GC: Disabled
Heap:
 garbage-first heap   total 65536K, used 20751K [0x00000000fc000000, 0x0000000100000000)
  region size 1024K, 9 young (9216K), 1 survivors (1024K)
 Metaspace       used 10036K, committed 10176K, reserved 1114112K
  class space    used 1278K, committed 1344K, reserved 1048576K
GC Heap History (8 events):
Event: 0.870 GC heap before
{Heap before GC invocations=0 (full 0):
 garbage-first heap   total 65536K, used 24576K [0x00000000fc000000, 0x0000000100000000)
  region size 1024K, 21 young (21504K), 0 survivors (0K)
 Metaspace       used 3157K, committed 3328K, reserved 1114112K
  class space    used 354K, committed 448K, reserved 1048576K
}
Event: 0.883 GC heap after
{Heap after GC invocations=1 (full 0):
 garbage-first heap   total 65536K, used 10264K [0x00000000fc000000, 0x0000000100000000)
  region size 1024K, 3 young (3072K), 3 survivors (3072K)
 Metaspace       used 3157K, committed 3328K, reserved 1114112K
  class space    used 354K, committed 448K, reserved 1048576K
}
Event: 2.166 GC heap before
{Heap before GC invocations=1 (full 0):
 garbage-first heap   total 65536K, used 30744K [0x00000000fc000000, 0x0000000100000000)
  region size 1024K, 23 young (23552K), 3 survivors (3072K)
 Metaspace       used 7907K, committed 8128K, reserved 1114112K
  class space    used 1054K, committed 1152K, reserved 1048576K
}
Event: 2.172 GC heap after
{Heap after GC invocations=2 (full 0):
 garbage-first heap   total 65536K, used 12684K [0x00000000fc000000, 0x0000000100000000)
  region size 1024K, 3 young (3072K), 3 survivors (3072K)
 Metaspace       used 7907K, committed 8128K, reserved 1114112K
  class space    used 1054K, committed 1152K, reserved 1048576K
}
Event: 160.155 GC heap before
{Heap before GC invocations=2 (full 0):
 garbage-first heap   total 65536K, used 35212K [0x00000000fc000000, 0x0000000100000000)
  region size 1024K, 25 young (25600K), 3 survivors (3072K)
 Metaspace       used 10008K, committed 10176K, reserved 1114112K
  class space    used 1275K, committed 1344K, reserved 1048576K
}
Event: 160.179 GC heap after
{Heap after GC invocations=3 (full 0):
 garbage-first heap   total 65536K, used 13740K [0x00000000fc000000, 0x0000000100000000)
  region size 1024K, 2 young (2048K), 2 survivors (2048K)
 Metaspace       used 10008K, committed 10176K, reserved 1114112K
  class space    used 1275K, committed 1344K, reserved 1048576K
}
Event: 179.606 GC heap before
{Heap before GC invocations=3 (full 0):
 garbage-first heap   total 65536K, used 42412K [0x00000000fc000000, 0x0000000100000000)
  region size 1024K, 30 young (30720K), 2 survivors (2048K)
 Metaspace       used 10010K, committed 10176K, reserved 1114112K
  class space    used 1276K, committed 1344K, reserved 1048576K
}
Event: 179.608 GC heap after
{Heap after GC invocations=4 (full 0):
 garbage-first heap   total 65536K, used 13583K [0x00000000fc000000, 0x0000000100000000)
  region size 1024K, 1 young (1024K), 1 survivors (1024K)
 Metaspace       used 10010K, committed 10176K, reserved 1114112K
  class space    used 1276K, committed 1344K, reserved 1048576K
}

